<?xml version="1.0" encoding="UTF-8"?>
<testsuite xmlns:xsi="http://www.w3.org/2001/XMLSchema-instance" xsi:noNamespaceSchemaLocation="https://maven.apache.org/surefire/maven-surefire-plugin/xsd/surefire-test-report-3.0.xsd" version="3.0" name="TestRunner" time="8.537" tests="5" errors="0" skipped="0" failures="0">
  <properties>
[...]
</properties>
  <testcase name="User opens to phptravel home page" classname="User login to their account" time="3.465"/>
  <testcase name="User press Login button" classname="User login to their account" time="0.151"/>
  <testcase name="User fills login details" classname="User login to their account" time="3.688"/>
  <testcase name="User cannot login without captcha" classname="User login to their account" time="0.761"/>
  <testcase name="User login to their account" classname="User login to their account" time="0.761"/>
</testsuite>